{"/home/sivasantos/Documents/codingninjas/devnest/urlshortner/config/db.js": {"path":"/home/sivasantos/Documents/codingninjas/devnest/urlshortner/config/db.js","statementMap":{"0":{"start":{"line":1,"column":18},"end":{"line":1,"column":38}},"1":{"start":{"line":3,"column":17},"end":{"line":6,"column":4}},"2":{"start":{"line":8,"column":0},"end":{"line":8,"column":23}}},"fnMap":{},"branchMap":{},"s":{"0":1,"1":1,"2":1},"f":{},"b":{},"_coverageSchema":"1a1c01bbd47fc00a2c39e90264f33305004495a9","hash":"0a5f1bd9243118dad714791933ab0448b6fa5d19"}
,"/home/sivasantos/Documents/codingninjas/devnest/urlshortner/models/urlModel.js": {"path":"/home/sivasantos/Documents/codingninjas/devnest/urlshortner/models/urlModel.js","statementMap":{"0":{"start":{"line":1,"column":24},"end":{"line":1,"column":44}},"1":{"start":{"line":2,"column":16},"end":{"line":2,"column":39}},"2":{"start":{"line":7,"column":0},"end":{"line":21,"column":2}},"3":{"start":{"line":23,"column":0},"end":{"line":23,"column":21}}},"fnMap":{},"branchMap":{},"s":{"0":1,"1":1,"2":1,"3":1},"f":{},"b":{},"_coverageSchema":"1a1c01bbd47fc00a2c39e90264f33305004495a9","hash":"a14195cfaaffc4725bf0b7a5078f4803cfaaaffc"}
,"/home/sivasantos/Documents/codingninjas/devnest/urlshortner/routes/url.js": {"path":"/home/sivasantos/Documents/codingninjas/devnest/urlshortner/routes/url.js","statementMap":{"0":{"start":{"line":1,"column":14},"end":{"line":1,"column":32}},"1":{"start":{"line":2,"column":13},"end":{"line":2,"column":29}},"2":{"start":{"line":3,"column":23},"end":{"line":3,"column":38}},"3":{"start":{"line":4,"column":15},"end":{"line":4,"column":38}},"4":{"start":{"line":5,"column":10},"end":{"line":5,"column":39}},"5":{"start":{"line":6,"column":14},"end":{"line":6,"column":44}},"6":{"start":{"line":8,"column":0},"end":{"line":10,"column":2}},"7":{"start":{"line":9,"column":4},"end":{"line":9,"column":29}},"8":{"start":{"line":12,"column":0},"end":{"line":28,"column":2}},"9":{"start":{"line":13,"column":4},"end":{"line":27,"column":5}},"10":{"start":{"line":14,"column":24},"end":{"line":14,"column":32}},"11":{"start":{"line":15,"column":22},"end":{"line":15,"column":31}},"12":{"start":{"line":16,"column":23},"end":{"line":19,"column":10}},"13":{"start":{"line":20,"column":8},"end":{"line":23,"column":10}},"14":{"start":{"line":26,"column":8},"end":{"line":26,"column":42}},"15":{"start":{"line":30,"column":0},"end":{"line":44,"column":1}},"16":{"start":{"line":31,"column":16},"end":{"line":31,"column":32}},"17":{"start":{"line":33,"column":14},"end":{"line":37,"column":6}},"18":{"start":{"line":38,"column":4},"end":{"line":38,"column":20}},"19":{"start":{"line":39,"column":4},"end":{"line":41,"column":5}},"20":{"start":{"line":40,"column":6},"end":{"line":40,"column":46}},"21":{"start":{"line":42,"column":4},"end":{"line":42,"column":29}},"22":{"start":{"line":50,"column":0},"end":{"line":50,"column":21}}},"fnMap":{"0":{"name":"(anonymous_0)","decl":{"start":{"line":8,"column":21},"end":{"line":8,"column":22}},"loc":{"start":{"line":8,"column":25},"end":{"line":10,"column":1}},"line":8},"1":{"name":"(anonymous_1)","decl":{"start":{"line":12,"column":17},"end":{"line":12,"column":18}},"loc":{"start":{"line":12,"column":33},"end":{"line":28,"column":1}},"line":12},"2":{"name":"(anonymous_2)","decl":{"start":{"line":30,"column":22},"end":{"line":30,"column":23}},"loc":{"start":{"line":30,"column":42},"end":{"line":43,"column":3}},"line":30}},"branchMap":{"0":{"loc":{"start":{"line":39,"column":4},"end":{"line":41,"column":5}},"type":"if","locations":[{"start":{"line":39,"column":4},"end":{"line":41,"column":5}},{"start":{},"end":{}}],"line":39}},"s":{"0":1,"1":1,"2":1,"3":1,"4":1,"5":1,"6":1,"7":0,"8":1,"9":0,"10":0,"11":0,"12":0,"13":0,"14":0,"15":1,"16":0,"17":0,"18":0,"19":0,"20":0,"21":0,"22":1},"f":{"0":0,"1":0,"2":0},"b":{"0":[0,0]},"_coverageSchema":"1a1c01bbd47fc00a2c39e90264f33305004495a9","hash":"eaaaf2f80e2a4f0e2433494eb4c695a5ee687128"}
}
